#
# There is insufficient memory for the Java Runtime Environment to continue.
# Native memory allocation (mmap) failed to map 134217728 bytes. Error detail: G1 virtual space
# Possible reasons:
#   The system is out of physical RAM or swap space
#   This process is running with CompressedOops enabled, and the Java Heap may be blocking the growth of the native heap
# Possible solutions:
#   Reduce memory load on the system
#   Increase physical memory or swap space
#   Check if swap backing store is full
#   Decrease Java heap size (-Xmx/-Xms)
#   Decrease number of Java threads
#   Decrease Java thread stack sizes (-Xss)
#   Set larger code cache with -XX:ReservedCodeCacheSize=
#   JVM is running with Unscaled Compressed Oops mode in which the Java heap is
#     placed in the first 4GB address space. The Java Heap base address is the
#     maximum limit for the native heap growth. Please use -XX:HeapBaseMinAddress
#     to set the Java Heap base and to place the Java Heap above 4GB virtual address.
# This output file may be truncated or incomplete.
#
#  Out of Memory Error (os_windows.cpp:3925), pid=15564, tid=3704
#
# JRE version:  (21.0.8+1) (build )
# Java VM: OpenJDK 64-Bit Server VM (21.0.8+1-b1038.72, mixed mode, sharing, tiered, compressed oops, compressed class ptrs, g1 gc, windows-amd64)
# No core dump will be written. Minidumps are not enabled by default on client versions of Windows
#

---------------  S U M M A R Y ------------

Command Line: -Djava.rmi.server.hostname=127.0.0.1 -Duser.timezone=UTC -Xmx2048m -Xms128m -Djdbc.classpath=C:\Users\ADMIN\AppData\Local\Temp\RemoteDriver92272.classpath.txt --add-exports=java.desktop/sun.awt=ALL-UNNAMED --add-exports=java.desktop/java.awt.peer=ALL-UNNAMED --add-opens=java.desktop/java.awt=ALL-UNNAMED --add-opens=jdk.unsupported/sun.misc=ALL-UNNAMED --add-opens=java.base/java.nio=ALL-UNNAMED --add-opens=java.base/java.util=ALL-UNNAMED -Dfile.encoding=UTF-8 -Dsun.stdout.encoding=UTF-8 -Dsun.stderr.encoding=UTF-8 com.intellij.database.remote.RemoteJdbcServer org.postgresql.Driver

Host: 12th Gen Intel(R) Core(TM) i5-12500H, 16 cores, 15G,  Windows 11 , 64 bit Build 26100 (10.0.26100.7309)
Time: Tue Dec 30 12:33:19 2025 SE Asia Standard Time elapsed time: 1.233345 seconds (0d 0h 0m 1s)

---------------  T H R E A D  ---------------

Current thread (0x000002679ceba380):  JavaThread "Unknown thread" [_thread_in_vm, id=3704, stack(0x000000ebe5500000,0x000000ebe5600000) (1024K)]

Stack: [0x000000ebe5500000,0x000000ebe5600000]
Native frames: (J=compiled Java code, j=interpreted, Vv=VM code, C=native code)
V  [jvm.dll+0x6ebeb9]
V  [jvm.dll+0x8cbec3]
V  [jvm.dll+0x8ce47e]
V  [jvm.dll+0x8ceb63]
V  [jvm.dll+0x28adf6]
V  [jvm.dll+0x6e8695]
V  [jvm.dll+0x6dbeea]
V  [jvm.dll+0x36689b]
V  [jvm.dll+0x36e466]
V  [jvm.dll+0x3c08c6]
V  [jvm.dll+0x3c0b98]
V  [jvm.dll+0x3390cc]
V  [jvm.dll+0x339dbb]
V  [jvm.dll+0x893349]
V  [jvm.dll+0x3cda98]
V  [jvm.dll+0x87c368]
V  [jvm.dll+0x46283e]
V  [jvm.dll+0x464521]
C  [jli.dll+0x52ab]
C  [ucrtbase.dll+0x37b0]
C  [KERNEL32.DLL+0x2e8d7]
C  [ntdll.dll+0x8c53c]


---------------  P R O C E S S  ---------------

Threads class SMR info:
_java_thread_list=0x00007ffb861232c8, length=0, elements={
}

Java Threads: ( => current thread )
Total: 0

Other Threads:
  0x000002679f408620 WorkerThread "GC Thread#0"                     [id=20328, stack(0x000000ebe5600000,0x000000ebe5700000) (1024K)]
  0x000002679f419510 ConcurrentGCThread "G1 Main Marker"            [id=37564, stack(0x000000ebe5700000,0x000000ebe5800000) (1024K)]
  0x000002679f419f20 WorkerThread "G1 Conc#0"                       [id=25980, stack(0x000000ebe5800000,0x000000ebe5900000) (1024K)]

[error occurred during error reporting (printing all threads), id 0xc0000005, EXCEPTION_ACCESS_VIOLATION (0xc0000005) at pc=0x00007ffb8580c0b7]
VM state: not at safepoint (not fully initialized)

VM Mutex/Monitor currently owned by a thread:  ([mutex/lock_event])
[0x00007ffb86197d58] Heap_lock - owner thread: 0x000002679ceba380

Heap address: 0x0000000080000000, size: 2048 MB, Compressed Oops mode: 32-bit

CDS archive(s) mapped at: [0x0000000000000000-0x0000000000000000-0x0000000000000000), size 0, SharedBaseAddress: 0x0000000800000000, ArchiveRelocationMode: 1.
Narrow klass base: 0x0000000000000000, Narrow klass shift: 0, Narrow klass range: 0x0

GC Precious Log:
 CardTable entry size: 512
 Card Set container configuration: InlinePtr #cards 5 size 8 Array Of Cards #cards 12 size 40 Howl #buckets 4 coarsen threshold 1843 Howl Bitmap #cards 512 size 80 coarsen threshold 460 Card regions per heap region 1 cards per card region 2048

Heap:
 garbage-first heap   total 0K, used 0K [0x0000000080000000, 0x0000000100000000)
  region size 1024K, 0 young (0K), 0 survivors (0K)
 Metaspace       used 0K, committed 0K, reserved 0K
  class space    used 0K, committed 0K, reserved 0K

Heap Regions: E=young(eden), S=young(survivor), O=old, HS=humongous(starts), HC=humongous(continues), CS=collection set, F=free, TAMS=top-at-mark-start, PB=parsable bottom

Card table byte_map: [0x00000267b3080000,0x00000267b3480000] _byte_map_base: 0x00000267b2c80000

Marking Bits: (CMBitMap*) 0x000002679f408c30
 Bits: [0x00000267b3480000, 0x00000267b5480000)

GC Heap History (0 events):
No events

Dll operation events (1 events):
Event: 0.005 Loaded shared library C:\Program Files\JetBrains\IntelliJ IDEA 2025.2.1\jbr\bin\java.dll

Deoptimization events (0 events):
No events

Classes loaded (0 events):
No events

Classes unloaded (0 events):
No events

Classes redefined (0 events):
No events

Internal exceptions (0 events):
No events

ZGC Phase Switch (0 events):
No events

VM Operations (0 events):
No events

Memory protections (0 events):
No events

Nmethod flushes (0 events):
No events

Events (0 events):
No events


Dynamic libraries:
0x00007ff635b20000 - 0x00007ff635b2a000 	C:\Program Files\JetBrains\IntelliJ IDEA 2025.2.1\jbr\bin\java.exe
0x00007ffbf6180000 - 0x00007ffbf63e7000 	C:\WINDOWS\SYSTEM32\ntdll.dll
0x00007ffbf4790000 - 0x00007ffbf4859000 	C:\WINDOWS\System32\KERNEL32.DLL
0x00007ffbf3300000 - 0x00007ffbf36ef000 	C:\WINDOWS\System32\KERNELBASE.dll
0x00007ffbf3dd0000 - 0x00007ffbf3f1b000 	C:\WINDOWS\System32\ucrtbase.dll
0x00007ffbed760000 - 0x00007ffbed77b000 	C:\Program Files\JetBrains\IntelliJ IDEA 2025.2.1\jbr\bin\VCRUNTIME140.dll
0x00007ffbe08b0000 - 0x00007ffbe08c8000 	C:\Program Files\JetBrains\IntelliJ IDEA 2025.2.1\jbr\bin\jli.dll
0x00007ffbf4a10000 - 0x00007ffbf4bd5000 	C:\WINDOWS\System32\USER32.dll
0x00007ffbf32d0000 - 0x00007ffbf32f7000 	C:\WINDOWS\System32\win32u.dll
0x00007ffbd7ac0000 - 0x00007ffbd7d53000 	C:\WINDOWS\WinSxS\amd64_microsoft.windows.common-controls_6595b64144ccf1df_6.0.26100.7309_none_3e05feeae336a044\COMCTL32.dll
0x00007ffbf3ff0000 - 0x00007ffbf401b000 	C:\WINDOWS\System32\GDI32.dll
0x00007ffbf4860000 - 0x00007ffbf4909000 	C:\WINDOWS\System32\msvcrt.dll
0x00007ffbf37b0000 - 0x00007ffbf38dc000 	C:\WINDOWS\System32\gdi32full.dll
0x00007ffbf38e0000 - 0x00007ffbf3983000 	C:\WINDOWS\System32\msvcp_win.dll
0x00007ffbf43c0000 - 0x00007ffbf43f1000 	C:\WINDOWS\System32\IMM32.DLL
0x00007ffbed7f0000 - 0x00007ffbed7fc000 	C:\Program Files\JetBrains\IntelliJ IDEA 2025.2.1\jbr\bin\vcruntime140_1.dll
0x00007ffbbd2a0000 - 0x00007ffbbd32d000 	C:\Program Files\JetBrains\IntelliJ IDEA 2025.2.1\jbr\bin\msvcp140.dll
0x00007ffb854c0000 - 0x00007ffb8628b000 	C:\Program Files\JetBrains\IntelliJ IDEA 2025.2.1\jbr\bin\server\jvm.dll
0x00007ffbf5760000 - 0x00007ffbf5814000 	C:\WINDOWS\System32\ADVAPI32.dll
0x00007ffbf6090000 - 0x00007ffbf6136000 	C:\WINDOWS\System32\sechost.dll
0x00007ffbf4be0000 - 0x00007ffbf4cf8000 	C:\WINDOWS\System32\RPCRT4.dll
0x00007ffbf41b0000 - 0x00007ffbf4224000 	C:\WINDOWS\System32\WS2_32.dll
0x00007ffbf1ee0000 - 0x00007ffbf1f3e000 	C:\WINDOWS\SYSTEM32\POWRPROF.dll
0x00007ffbe84c0000 - 0x00007ffbe84f5000 	C:\WINDOWS\SYSTEM32\WINMM.dll
0x00007ffbe9d00000 - 0x00007ffbe9d0b000 	C:\WINDOWS\SYSTEM32\VERSION.dll
0x00007ffbf1ec0000 - 0x00007ffbf1ed4000 	C:\WINDOWS\SYSTEM32\UMPDC.dll
0x00007ffbf21a0000 - 0x00007ffbf21bb000 	C:\WINDOWS\SYSTEM32\kernel.appcore.dll
0x00007ffbecfa0000 - 0x00007ffbecfaa000 	C:\Program Files\JetBrains\IntelliJ IDEA 2025.2.1\jbr\bin\jimage.dll
0x00007ffbf0910000 - 0x00007ffbf0b52000 	C:\WINDOWS\SYSTEM32\DBGHELP.DLL
0x00007ffbf4400000 - 0x00007ffbf4785000 	C:\WINDOWS\System32\combase.dll
0x00007ffbf5020000 - 0x00007ffbf50f6000 	C:\WINDOWS\System32\OLEAUT32.dll
0x00007ffbd3690000 - 0x00007ffbd36cc000 	C:\WINDOWS\SYSTEM32\dbgcore.DLL
0x00007ffbf3700000 - 0x00007ffbf37a5000 	C:\WINDOWS\System32\bcryptPrimitives.dll
0x00007ffbecf80000 - 0x00007ffbecfa0000 	C:\Program Files\JetBrains\IntelliJ IDEA 2025.2.1\jbr\bin\java.dll

JVMTI agents: none

dbghelp: loaded successfully - version: 4.0.5 - missing functions: none
symbol engine: initialized successfully - sym options: 0x614 - pdb path: .;C:\Program Files\JetBrains\IntelliJ IDEA 2025.2.1\jbr\bin;C:\WINDOWS\SYSTEM32;C:\WINDOWS\WinSxS\amd64_microsoft.windows.common-controls_6595b64144ccf1df_6.0.26100.7309_none_3e05feeae336a044;C:\Program Files\JetBrains\IntelliJ IDEA 2025.2.1\jbr\bin\server

VM Arguments:
jvm_args: -Djava.rmi.server.hostname=127.0.0.1 -Duser.timezone=UTC -Xmx2048m -Xms128m -Djdbc.classpath=C:\Users\ADMIN\AppData\Local\Temp\RemoteDriver92272.classpath.txt --add-exports=java.desktop/sun.awt=ALL-UNNAMED --add-exports=java.desktop/java.awt.peer=ALL-UNNAMED --add-opens=java.desktop/java.awt=ALL-UNNAMED --add-opens=jdk.unsupported/sun.misc=ALL-UNNAMED --add-opens=java.base/java.nio=ALL-UNNAMED --add-opens=java.base/java.util=ALL-UNNAMED -Dfile.encoding=UTF-8 -Dsun.stdout.encoding=UTF-8 -Dsun.stderr.encoding=UTF-8 
java_command: com.intellij.database.remote.RemoteJdbcServer org.postgresql.Driver
java_class_path (initial): C:\Program Files\JetBrains\IntelliJ IDEA 2025.2.1\lib\util_rt.jar;C:\Program Files\JetBrains\IntelliJ IDEA 2025.2.1\lib\util-8.jar;C:\Program Files\JetBrains\IntelliJ IDEA 2025.2.1\lib\groovy.jar;C:\Program Files\JetBrains\IntelliJ IDEA 2025.2.1\plugins\DatabaseTools\lib\jdbc-console.jar;C:\Program Files\JetBrains\IntelliJ IDEA 2025.2.1\lib\modules\intellij.grid.types.jar;C:\Program Files\JetBrains\IntelliJ IDEA 2025.2.1\lib\util.jar;C:\Program Files\JetBrains\IntelliJ IDEA 2025.2.1\lib\bouncy-castle.jar
Launcher Type: SUN_STANDARD

[Global flags]
     intx CICompilerCount                          = 12                                        {product} {ergonomic}
     uint ConcGCThreads                            = 3                                         {product} {ergonomic}
     uint G1ConcRefinementThreads                  = 13                                        {product} {ergonomic}
   size_t G1HeapRegionSize                         = 1048576                                   {product} {ergonomic}
    uintx GCDrainStackTargetSize                   = 64                                        {product} {ergonomic}
   size_t InitialHeapSize                          = 134217728                                 {product} {command line}
   size_t MarkStackSize                            = 4194304                                   {product} {ergonomic}
   size_t MaxHeapSize                              = 2147483648                                {product} {command line}
   size_t MinHeapDeltaBytes                        = 1048576                                   {product} {ergonomic}
   size_t MinHeapSize                              = 134217728                                 {product} {command line}
    uintx NonNMethodCodeHeapSize                   = 7602480                                {pd product} {ergonomic}
    uintx NonProfiledCodeHeapSize                  = 122027880                              {pd product} {ergonomic}
    uintx ProfiledCodeHeapSize                     = 122027880                              {pd product} {ergonomic}
    uintx ReservedCodeCacheSize                    = 251658240                              {pd product} {ergonomic}
     bool SegmentedCodeCache                       = true                                      {product} {ergonomic}
   size_t SoftMaxHeapSize                          = 2147483648                             {manageable} {ergonomic}
     bool UseCompressedOops                        = true                           {product lp64_product} {ergonomic}
     bool UseG1GC                                  = true                                      {product} {ergonomic}
     bool UseLargePagesIndividualAllocation        = false                                  {pd product} {ergonomic}

Logging:
Log output configuration:
 #0: stdout all=warning uptime,level,tags foldmultilines=false
 #1: stderr all=off uptime,level,tags foldmultilines=false

Environment Variables:
JAVA_HOME=C:\Program Files\Java\jdk-17
PATH=C:\Program Files\Common Files\Oracle\Java\javapath;C:\Program Files (x86)\Common Files\Oracle\Java\java8path;C:\Program Files (x86)\Common Files\Oracle\Java\javapath;C:\Windows\system32;C:\Windows;C:\Windows\System32\Wbem;C:\Windows\System32\WindowsPowerShell\v1.0\;C:\Windows\System32\OpenSSH\;C:\Program Files (x86)\NVIDIA Corporation\PhysX\Common;C:\Program Files\NVIDIA Corporation\NVIDIA NvDLISR;C:\MinGW\bin;C:\Program Files (x86)\Microsoft SQL Server\160\Tools\Binn\;C:\Program Files\Microsoft SQL Server\160\Tools\Binn\;C:\Program Files\Microsoft SQL Server\Client SDK\ODBC\170\Tools\Binn\;C:\Program Files\Microsoft SQL Server\160\DTS\Binn\;C:\Program Files (x86)\Microsoft SQL Server\160\DTS\Binn\;C:\Program Files\Git\cmd;C:\WINDOWS\system32;C:\WINDOWS;C:\WINDOWS\System32\Wbem;C:\WINDOWS\System32\WindowsPowerShell\v1.0\;C:\WINDOWS\System32\OpenSSH\;C:\Program Files\nodejs\;C:\Program Files\Cloudflare\Cloudflare WARP\;C:\Program Files\Java\jdk-17\bin;C:\Program Files\Tailscale\;C:\Program Files\dotnet\;C:\Pro;C:\Program Files\Erlang OTP\bin;C:\Program Files\Docker\Docker\resources\bin;C:\Users\ADMIN\AppData\Local\Programs\Python\Python313\Scripts\;C:\Users\ADMIN\AppData\Local\Programs\Python\Python313\;C:\Users\ADMIN\AppData\Local\Programs\Python\Launcher\;C:\Program Files\Common Files\Oracle\Java\javapath;C:\Program Files (x86)\Common Files\Oracle\Java\java8path;C:\Program Files (x86)\Common Files\Oracle\Java\javapath;C:\Windows\system32;C:\Windows;C:\Windows\System32\Wbem;C:\Windows\System32\WindowsPowerShell\v1.0\;C:\Windows\System32\OpenSSH\;C:\Program Files (x86)\NVIDIA Corporation\PhysX\Common;C:\Program Files\NVIDIA Corporation\NVIDIA NvDLISR;C:\MinGW\bin;C:\Program Files (x86)\Microsoft SQL Server\160\Tools\Binn\;C:\Program Files\Microsoft SQL Server\160\Tools\Binn\;C:\Program Files\Microsoft SQL Server\Client SDK\ODBC\170\Tools\Binn\;C:\Program Files\Microsoft SQL Server\160\DTS\Binn\;C:\Program Files (x86)\Microsoft SQL Server\160\DTS\Binn\;C:\Program Files\Git\cmd;C:\WINDOWS\system32;C:\WINDOWS;C:\WINDOWS\System32\Wbem;C:\WINDOWS\System32\WindowsPowerShell\v1.0\;C:\WINDOWS\System32\OpenSSH\;C:\Program Files\nodejs\;C:\Program Files\Cloudflare\Cloudflare WARP\;C:\Program Files\Java\jdk-17\bin;C:\Program Files\Tailscale\;C:\Program Files\dotnet\;C:\Pro;C:\Program Files\Docker\Docker\resources\bin;C:\Users\ADMIN\AppData\Local\Programs\Microsoft VS Code\bin
USERNAME=ADMIN
OS=Windows_NT
PROCESSOR_IDENTIFIER=Intel64 Family 6 Model 154 Stepping 3, GenuineIntel
TMP=C:\Users\ADMIN\AppData\Local\Temp
TEMP=C:\Users\ADMIN\AppData\Local\Temp




Periodic native trim disabled

JNI global refs:
JNI global refs: 0, weak refs: 0

JNI global refs memory usage: 0, weak refs: 0

Process memory usage:
Resident Set Size: 13200K (0% of 16388972K total physical memory with 1287796K free physical memory)

OOME stack traces (most recent first):
Classloader memory used:

---------------  S Y S T E M  ---------------

OS:
 Windows 11 , 64 bit Build 26100 (10.0.26100.7309)
OS uptime: 9 days 2:39 hours
Hyper-V role detected

CPU: total 16 (initial active 16) (8 cores per cpu, 2 threads per core) family 6 model 154 stepping 3 microcode 0x434, cx8, cmov, fxsr, ht, mmx, 3dnowpref, sse, sse2, sse3, ssse3, sse4.1, sse4.2, popcnt, lzcnt, tsc, tscinvbit, avx, avx2, aes, erms, clmul, bmi1, bmi2, adx, sha, fma, vzeroupper, clflush, clflushopt, clwb, hv, serialize, rdtscp, rdpid, fsrm, f16c, cet_ibt, cet_ss
Processor Information for the first 16 processors :
  Max Mhz: 2500, Current Mhz: 2500, Mhz Limit: 2500

Memory: 4k page, system-wide physical 16004M (1257M free)
TotalPageFile size 48101M (AvailPageFile size 169M)
current process WorkingSet (physical memory assigned to process): 12M, peak: 12M
current process commit charge ("private bytes"): 71M, peak: 198M

vm_info: OpenJDK 64-Bit Server VM (21.0.8+1-b1038.72) for windows-amd64 JRE (21.0.8+1-b1038.72), built on 2025-09-08 by "builduser" with MS VC++ 16.10 / 16.11 (VS2019)

END.
